
  [1m[36mUser Load (2.3ms)[0m  [1mSELECT  "users".* FROM "users"  ORDER BY "users"."id" ASC LIMIT 1[0m

  [1m[36mActiveRecord::SchemaMigration Load (0.1ms)[0m  [1mSELECT "schema_migrations".* FROM "schema_migrations"[0m
Migrating to RenamePostsToSquawk (20150807140039)
  [1m[35m (0.1ms)[0m  begin transaction
  [1m[36m (0.5ms)[0m  [1mALTER TABLE "posts" RENAME TO "squawks"[0m
  [1m[35mSQL (0.2ms)[0m  INSERT INTO "schema_migrations" ("version") VALUES (?)  [["version", "20150807140039"]]
  [1m[36m (0.8ms)[0m  [1mcommit transaction[0m
  [1m[35mActiveRecord::SchemaMigration Load (0.1ms)[0m  SELECT "schema_migrations".* FROM "schema_migrations"
  [1m[36m (0.1ms)[0m  [1m            SELECT sql
            FROM sqlite_master
            WHERE name='index_users_on_username' AND type='index'
            UNION ALL
            SELECT sql
            FROM sqlite_temp_master
            WHERE name='index_users_on_username' AND type='index'
[0m
  [1m[35m (0.1ms)[0m              SELECT sql
            FROM sqlite_master
            WHERE name='index_users_on_reset_password_token' AND type='index'
            UNION ALL
            SELECT sql
            FROM sqlite_temp_master
            WHERE name='index_users_on_reset_password_token' AND type='index'

  [1m[36m (0.1ms)[0m  [1m            SELECT sql
            FROM sqlite_master
            WHERE name='index_users_on_email' AND type='index'
            UNION ALL
            SELECT sql
            FROM sqlite_temp_master
            WHERE name='index_users_on_email' AND type='index'
[0m
  [1m[36m (0.7ms)[0m  [1mbegin transaction[0m
  [1m[35mUser Load (4.1ms)[0m  SELECT "users".* FROM "users"
  [1m[36mUser Load (0.3ms)[0m  [1mSELECT  "users".* FROM "users"  ORDER BY "users"."id" ASC LIMIT 1[0m
  [1m[35mUser Load (0.3ms)[0m  SELECT  "users".* FROM "users"  ORDER BY "users"."id" DESC LIMIT 1
  [1m[36m (0.1ms)[0m  [1mrollback transaction[0m
  [1m[36mActiveRecord::SchemaMigration Load (0.1ms)[0m  [1mSELECT "schema_migrations".* FROM "schema_migrations"[0m
Migrating to ActsAsFollowerMigration (20150807141858)
  [1m[35m (0.2ms)[0m  begin transaction
DEPRECATION WARNING: `#timestamps` was called without specifying an option for `null`. In Rails 5, this behavior will change to `null: false`. You should manually specify `null: true` to prevent the behavior of your existing migrations from changing. (called from block in up at /Users/Caleb/workspace/squawker/db/migrate/20150807141858_acts_as_follower_migration.rb:7)
  [1m[36m (0.5ms)[0m  [1mCREATE TABLE "follows" ("id" INTEGER PRIMARY KEY AUTOINCREMENT NOT NULL, "followable_id" integer NOT NULL, "followable_type" varchar NOT NULL, "follower_id" integer NOT NULL, "follower_type" varchar NOT NULL, "blocked" boolean DEFAULT 'f' NOT NULL, "created_at" datetime, "updated_at" datetime) [0m
  [1m[35m (0.3ms)[0m  select sqlite_version(*)
  [1m[36m (0.2ms)[0m  [1mCREATE  INDEX "fk_follows" ON "follows" ("follower_id", "follower_type")[0m
  [1m[35m (0.1ms)[0m              SELECT sql
            FROM sqlite_master
            WHERE name='fk_follows' AND type='index'
            UNION ALL
            SELECT sql
            FROM sqlite_temp_master
            WHERE name='fk_follows' AND type='index'

  [1m[36m (0.1ms)[0m  [1mCREATE  INDEX "fk_followables" ON "follows" ("followable_id", "followable_type")[0m
  [1m[35mSQL (0.5ms)[0m  INSERT INTO "schema_migrations" ("version") VALUES (?)  [["version", "20150807141858"]]
  [1m[36m (1.6ms)[0m  [1mcommit transaction[0m
  [1m[35mActiveRecord::SchemaMigration Load (0.2ms)[0m  SELECT "schema_migrations".* FROM "schema_migrations"
  [1m[36m (0.3ms)[0m  [1m            SELECT sql
            FROM sqlite_master
            WHERE name='fk_followables' AND type='index'
            UNION ALL
            SELECT sql
            FROM sqlite_temp_master
            WHERE name='fk_followables' AND type='index'
[0m
  [1m[35m (0.2ms)[0m              SELECT sql
            FROM sqlite_master
            WHERE name='fk_follows' AND type='index'
            UNION ALL
            SELECT sql
            FROM sqlite_temp_master
            WHERE name='fk_follows' AND type='index'

  [1m[36m (0.3ms)[0m  [1m            SELECT sql
            FROM sqlite_master
            WHERE name='index_users_on_username' AND type='index'
            UNION ALL
            SELECT sql
            FROM sqlite_temp_master
            WHERE name='index_users_on_username' AND type='index'
[0m
  [1m[35m (0.1ms)[0m              SELECT sql
            FROM sqlite_master
            WHERE name='index_users_on_reset_password_token' AND type='index'
            UNION ALL
            SELECT sql
            FROM sqlite_temp_master
            WHERE name='index_users_on_reset_password_token' AND type='index'

  [1m[36m (0.1ms)[0m  [1m            SELECT sql
            FROM sqlite_master
            WHERE name='index_users_on_email' AND type='index'
            UNION ALL
            SELECT sql
            FROM sqlite_temp_master
            WHERE name='index_users_on_email' AND type='index'
[0m
  [1m[36m (0.6ms)[0m  [1mbegin transaction[0m
  [1m[35mUser Load (0.2ms)[0m  SELECT  "users".* FROM "users"  ORDER BY "users"."id" ASC LIMIT 1
  [1m[36mUser Load (0.3ms)[0m  [1mSELECT  "users".* FROM "users"  ORDER BY "users"."id" DESC LIMIT 1[0m
  [1m[35mFollow Load (0.3ms)[0m  SELECT  "follows".* FROM "follows" WHERE "follows"."follower_id" = ? AND "follows"."follower_type" = ? AND "follows"."followable_id" = ? AND "follows"."followable_type" = ? LIMIT 1  [["follower_id", 1], ["follower_type", "User"], ["followable_id", 2], ["followable_type", "User"]]
  [1m[36m (0.1ms)[0m  [1mSAVEPOINT active_record_1[0m
  [1m[35mSQL (0.4ms)[0m  INSERT INTO "follows" ("followable_id", "followable_type", "follower_id", "follower_type", "created_at", "updated_at") VALUES (?, ?, ?, ?, ?, ?)  [["followable_id", 2], ["followable_type", "User"], ["follower_id", 1], ["follower_type", "User"], ["created_at", "2015-08-07 14:22:10.597803"], ["updated_at", "2015-08-07 14:22:10.597803"]]
  [1m[36m (0.0ms)[0m  [1mRELEASE SAVEPOINT active_record_1[0m
  [1m[35m (0.2ms)[0m  SELECT COUNT(*) FROM "follows" WHERE "follows"."blocked" = ? AND "follows"."follower_id" = ? AND "follows"."follower_type" = ?  [["blocked", "f"], ["follower_id", 1], ["follower_type", "User"]]
  [1m[36mFollow Load (0.2ms)[0m  [1mSELECT "follows".* FROM "follows" WHERE "follows"."follower_id" = ? AND "follows"."follower_type" = ? AND "follows"."blocked" = ?[0m  [["follower_id", 1], ["follower_type", "User"], ["blocked", "f"]]
  [1m[35mUser Load (0.2ms)[0m  SELECT "users".* FROM "users" WHERE "users"."id" IN (2)
  [1m[36mFollow Load (0.1ms)[0m  [1mSELECT "follows".* FROM "follows" WHERE "follows"."follower_id" = ? AND "follows"."follower_type" = ? AND "follows"."blocked" = ?[0m  [["follower_id", 1], ["follower_type", "User"], ["blocked", "f"]]
  [1m[35mUser Load (0.2ms)[0m  SELECT "users".* FROM "users" WHERE "users"."id" IN (2)
  [1m[36mFollow Load (0.3ms)[0m  [1mSELECT "follows".* FROM "follows" WHERE "follows"."follower_id" = ? AND "follows"."follower_type" = ? AND "follows"."blocked" = ?[0m  [["follower_id", 1], ["follower_type", "User"], ["blocked", "f"]]
  [1m[35mUser Load (0.2ms)[0m  SELECT "users".* FROM "users" WHERE "users"."id" IN (2)
  [1m[36mFollow Load (0.1ms)[0m  [1mSELECT "follows".* FROM "follows" WHERE "follows"."follower_id" = ? AND "follows"."follower_type" = ? AND "follows"."blocked" = ?[0m  [["follower_id", 1], ["follower_type", "User"], ["blocked", "f"]]
  [1m[35mUser Load (0.2ms)[0m  SELECT "users".* FROM "users" WHERE "users"."id" IN (2)
  [1m[36mFollow Load (0.1ms)[0m  [1mSELECT  "follows".* FROM "follows" WHERE "follows"."follower_id" = ? AND "follows"."follower_type" = ? AND "follows"."followable_id" = ? AND "follows"."followable_type" = ? LIMIT 1[0m  [["follower_id", 2], ["follower_type", "User"], ["followable_id", 1], ["followable_type", "User"]]
  [1m[35m (0.1ms)[0m  SAVEPOINT active_record_1
  [1m[36mSQL (1.6ms)[0m  [1mINSERT INTO "follows" ("followable_id", "followable_type", "follower_id", "follower_type", "created_at", "updated_at") VALUES (?, ?, ?, ?, ?, ?)[0m  [["followable_id", 1], ["followable_type", "User"], ["follower_id", 2], ["follower_type", "User"], ["created_at", "2015-08-07 14:23:53.479398"], ["updated_at", "2015-08-07 14:23:53.479398"]]
  [1m[35m (0.1ms)[0m  RELEASE SAVEPOINT active_record_1
  [1m[36mFollow Load (0.1ms)[0m  [1mSELECT "follows".* FROM "follows" WHERE "follows"."follower_id" = ? AND "follows"."follower_type" = ? AND "follows"."blocked" = ?[0m  [["follower_id", 2], ["follower_type", "User"], ["blocked", "f"]]
  [1m[35mUser Load (0.2ms)[0m  SELECT "users".* FROM "users" WHERE "users"."id" IN (1)
  [1m[36m (0.7ms)[0m  [1mbegin transaction[0m
  [1m[35mUser Load (0.6ms)[0m  SELECT  "users".* FROM "users"  ORDER BY "users"."id" ASC LIMIT 1
  [1m[36mUser Load (0.2ms)[0m  [1mSELECT  "users".* FROM "users"  ORDER BY "users"."id" DESC LIMIT 1[0m
  [1m[35mFollow Load (0.2ms)[0m  SELECT  "follows".* FROM "follows" WHERE "follows"."follower_id" = ? AND "follows"."follower_type" = ? AND "follows"."followable_id" = ? AND "follows"."followable_type" = ? LIMIT 1  [["follower_id", 1], ["follower_type", "User"], ["followable_id", 2], ["followable_type", "User"]]
  [1m[36m (0.1ms)[0m  [1mSAVEPOINT active_record_1[0m
  [1m[35mSQL (0.5ms)[0m  INSERT INTO "follows" ("followable_id", "followable_type", "follower_id", "follower_type", "created_at", "updated_at") VALUES (?, ?, ?, ?, ?, ?)  [["followable_id", 2], ["followable_type", "User"], ["follower_id", 1], ["follower_type", "User"], ["created_at", "2015-08-07 14:25:36.646673"], ["updated_at", "2015-08-07 14:25:36.646673"]]
  [1m[36m (0.0ms)[0m  [1mRELEASE SAVEPOINT active_record_1[0m
  [1m[35mFollow Load (0.2ms)[0m  SELECT "follows".* FROM "follows" WHERE "follows"."follower_id" = ? AND "follows"."follower_type" = ? AND "follows"."blocked" = ?  [["follower_id", 2], ["follower_type", "User"], ["blocked", "f"]]
  [1m[36mFollow Load (0.1ms)[0m  [1mSELECT "follows".* FROM "follows" WHERE "follows"."follower_id" = ? AND "follows"."follower_type" = ? AND "follows"."blocked" = ?[0m  [["follower_id", 2], ["follower_type", "User"], ["blocked", "f"]]
<<<<<<< HEAD
  [1m[36m (0.5ms)[0m  [1mbegin transaction[0m
  [1m[35mUser Load (0.2ms)[0m  SELECT  "users".* FROM "users"  ORDER BY "users"."id" ASC LIMIT 1
  [1m[36mUser Load (0.2ms)[0m  [1mSELECT  "users".* FROM "users"  ORDER BY "users"."id" DESC LIMIT 1[0m
  [1m[35mFollow Load (0.3ms)[0m  SELECT  "follows".* FROM "follows" WHERE "follows"."follower_id" = ? AND "follows"."follower_type" = ? AND "follows"."followable_id" = ? AND "follows"."followable_type" = ? LIMIT 1  [["follower_id", 1], ["follower_type", "User"], ["followable_id", 2], ["followable_type", "User"]]
  [1m[36m (0.1ms)[0m  [1mSAVEPOINT active_record_1[0m
  [1m[35mSQL (0.4ms)[0m  INSERT INTO "follows" ("followable_id", "followable_type", "follower_id", "follower_type", "created_at", "updated_at") VALUES (?, ?, ?, ?, ?, ?)  [["followable_id", 2], ["followable_type", "User"], ["follower_id", 1], ["follower_type", "User"], ["created_at", "2015-08-07 14:28:34.376354"], ["updated_at", "2015-08-07 14:28:34.376354"]]
  [1m[36m (0.0ms)[0m  [1mRELEASE SAVEPOINT active_record_1[0m
  [1m[35mFollow Load (0.2ms)[0m  SELECT "follows".* FROM "follows" WHERE "follows"."follower_id" = ? AND "follows"."follower_type" = ? AND "follows"."blocked" = ?  [["follower_id", 2], ["follower_type", "User"], ["blocked", "f"]]
  [1m[36mFollow Load (0.1ms)[0m  [1mSELECT "follows".* FROM "follows" WHERE "follows"."follower_id" = ? AND "follows"."follower_type" = ? AND "follows"."blocked" = ?[0m  [["follower_id", 2], ["follower_type", "User"], ["blocked", "f"]]
  [1m[35mFollow Load (0.1ms)[0m  SELECT  "follows".* FROM "follows" WHERE "follows"."follower_id" = ? AND "follows"."follower_type" = ? AND "follows"."followable_id" = ? AND "follows"."followable_type" = ? LIMIT 1  [["follower_id", 1], ["follower_type", "User"], ["followable_id", 2], ["followable_type", "User"]]
  [1m[36mFollow Load (0.1ms)[0m  [1mSELECT "follows".* FROM "follows" WHERE "follows"."follower_id" = ? AND "follows"."follower_type" = ? AND "follows"."blocked" = ?[0m  [["follower_id", 1], ["follower_type", "User"], ["blocked", "f"]]
  [1m[35mUser Load (0.2ms)[0m  SELECT "users".* FROM "users" WHERE "users"."id" IN (2)
  [1m[36mFollow Load (0.1ms)[0m  [1mSELECT "follows".* FROM "follows" WHERE "follows"."follower_id" = ? AND "follows"."follower_type" = ? AND "follows"."blocked" = ?[0m  [["follower_id", 1], ["follower_type", "User"], ["blocked", "f"]]
  [1m[35mUser Load (0.2ms)[0m  SELECT "users".* FROM "users" WHERE "users"."id" IN (2)
  [1m[36mFollow Load (0.1ms)[0m  [1mSELECT "follows".* FROM "follows" WHERE "follows"."follower_id" = ? AND "follows"."follower_type" = ? AND "follows"."blocked" = ?[0m  [["follower_id", 1], ["follower_type", "User"], ["blocked", "f"]]
  [1m[35mUser Load (0.2ms)[0m  SELECT "users".* FROM "users" WHERE "users"."id" IN (2)
  [1m[36mFollow Load (0.1ms)[0m  [1mSELECT "follows".* FROM "follows" WHERE "follows"."follower_id" = ? AND "follows"."follower_type" = ? AND "follows"."blocked" = ?[0m  [["follower_id", 2], ["follower_type", "User"], ["blocked", "f"]]
  [1m[35mFollow Load (0.1ms)[0m  SELECT "follows".* FROM "follows" WHERE "follows"."follower_id" = ? AND "follows"."follower_type" = ? AND "follows"."blocked" = ?  [["follower_id", 2], ["follower_type", "User"], ["blocked", "f"]]
  [1m[36mFollow Load (0.1ms)[0m  [1mSELECT "follows".* FROM "follows" WHERE "follows"."follower_id" = ? AND "follows"."follower_type" = ? AND "follows"."blocked" = ?[0m  [["follower_id", 2], ["follower_type", "User"], ["blocked", "f"]]
  [1m[35mFollow Load (0.1ms)[0m  SELECT "follows".* FROM "follows" WHERE "follows"."follower_id" = ? AND "follows"."follower_type" = ? AND "follows"."blocked" = ?  [["follower_id", 1], ["follower_type", "User"], ["blocked", "f"]]
  [1m[36mUser Load (0.2ms)[0m  [1mSELECT "users".* FROM "users" WHERE "users"."id" IN (2)[0m
  [1m[35mFollow Load (0.2ms)[0m  SELECT "follows".* FROM "follows" WHERE "follows"."followable_id" = ? AND "follows"."followable_type" = ? AND "follows"."blocked" = ?  [["followable_id", 2], ["followable_type", "User"], ["blocked", "f"]]
  [1m[36mUser Load (0.1ms)[0m  [1mSELECT "users".* FROM "users" WHERE "users"."id" IN (1)[0m
  [1m[35mFollow Load (0.1ms)[0m  SELECT "follows".* FROM "follows" WHERE "follows"."followable_id" = ? AND "follows"."followable_type" = ? AND "follows"."blocked" = ?  [["followable_id", 2], ["followable_type", "User"], ["blocked", "f"]]
  [1m[36mUser Load (0.2ms)[0m  [1mSELECT "users".* FROM "users" WHERE "users"."id" IN (1)[0m
  [1m[35m (0.5ms)[0m  rollback transaction
=======
  [1m[36mActiveRecord::SchemaMigration Load (0.3ms)[0m  [1mSELECT "schema_migrations".* FROM "schema_migrations"[0m
  [1m[35m (0.1ms)[0m  begin transaction
  [1m[36mUser Exists (0.3ms)[0m  [1mSELECT  1 AS one FROM "users" WHERE "users"."email" = 'test@user.com' LIMIT 1[0m
  [1m[35mUser Exists (0.2ms)[0m  SELECT  1 AS one FROM "users" WHERE "users"."username" = 'testuser' LIMIT 1
  [1m[36mUser Exists (0.4ms)[0m  [1mSELECT  1 AS one FROM "users" WHERE "users"."email" = 'test@user.com' LIMIT 1[0m
  [1m[35m (0.2ms)[0m  rollback transaction
  [1m[36mActiveRecord::SchemaMigration Load (0.1ms)[0m  [1mSELECT "schema_migrations".* FROM "schema_migrations"[0m
  [1m[35m (0.1ms)[0m  begin transaction
  [1m[36mUser Exists (0.3ms)[0m  [1mSELECT  1 AS one FROM "users" WHERE "users"."email" = 'test@user.com' LIMIT 1[0m
  [1m[35mUser Exists (0.2ms)[0m  SELECT  1 AS one FROM "users" WHERE "users"."username" = 'testuser' LIMIT 1
  [1m[36mUser Exists (0.2ms)[0m  [1mSELECT  1 AS one FROM "users" WHERE "users"."email" = 'test@user.com' LIMIT 1[0m
  [1m[35m (0.1ms)[0m  rollback transaction
  [1m[36m (0.1ms)[0m  [1mbegin transaction[0m
  [1m[35mSQL (0.5ms)[0m  INSERT INTO "squawks" ("body", "created_at", "updated_at") VALUES (?, ?, ?)  [["body", "This post belongs to test user."], ["created_at", "2015-08-07 14:49:54.548102"], ["updated_at", "2015-08-07 14:49:54.548102"]]
  [1m[36m (2.7ms)[0m  [1mcommit transaction[0m
>>>>>>> 8d96252872a835fb11d2e18cebb59cfba94be46c


Started GET "/profiles/testuser" for ::1 at 2015-08-07 12:23:47 -0400
  [1m[36mActiveRecord::SchemaMigration Load (0.2ms)[0m  [1mSELECT "schema_migrations".* FROM "schema_migrations"[0m
Processing by ProfilesController#index as HTML
  Parameters: {"username"=>"testuser"}
  [1m[35mUser Load (0.4ms)[0m  SELECT  "users".* FROM "users" WHERE (username = 'testuser') LIMIT 1
  Rendered profiles/index.html.erb within layouts/application (1.6ms)
Completed 500 Internal Server Error in 87ms (ActiveRecord: 1.2ms)

SyntaxError (/Users/theironyardloaner/Documents/squawker/app/views/profiles/index.html.erb:14: syntax error, unexpected ')'
...primary", :method => :post,   );@output_buffer.safe_append='...
...                               ^
/Users/theironyardloaner/Documents/squawker/app/views/profiles/index.html.erb:18: syntax error, unexpected keyword_ensure, expecting ')'
/Users/theironyardloaner/Documents/squawker/app/views/profiles/index.html.erb:20: syntax error, unexpected keyword_end, expecting ')'):
  app/views/profiles/index.html.erb:14: syntax error, unexpected ')'
  app/views/profiles/index.html.erb:18: syntax error, unexpected keyword_ensure, expecting ')'
  app/views/profiles/index.html.erb:20: syntax error, unexpected keyword_end, expecting ')'


  Rendered /usr/local/lib/ruby/gems/2.2.0/gems/actionpack-4.2.3/lib/action_dispatch/middleware/templates/rescues/_source.erb (8.7ms)
  Rendered /usr/local/lib/ruby/gems/2.2.0/gems/actionpack-4.2.3/lib/action_dispatch/middleware/templates/rescues/_trace.html.erb (5.4ms)
  Rendered /usr/local/lib/ruby/gems/2.2.0/gems/actionpack-4.2.3/lib/action_dispatch/middleware/templates/rescues/_request_and_response.html.erb (1.6ms)
  Rendered /usr/local/lib/ruby/gems/2.2.0/gems/actionpack-4.2.3/lib/action_dispatch/middleware/templates/rescues/diagnostics.html.erb within rescues/layout (82.9ms)
  Rendered /usr/local/lib/ruby/gems/2.2.0/gems/web-console-2.2.1/lib/web_console/templates/_markup.html.erb (0.9ms)
  Rendered /usr/local/lib/ruby/gems/2.2.0/gems/web-console-2.2.1/lib/web_console/templates/_inner_console_markup.html.erb within layouts/inlined_string (0.7ms)
  Rendered /usr/local/lib/ruby/gems/2.2.0/gems/web-console-2.2.1/lib/web_console/templates/_prompt_box_markup.html.erb within layouts/inlined_string (0.4ms)
  Rendered /usr/local/lib/ruby/gems/2.2.0/gems/web-console-2.2.1/lib/web_console/templates/style.css.erb within layouts/inlined_string (0.6ms)
  Rendered /usr/local/lib/ruby/gems/2.2.0/gems/web-console-2.2.1/lib/web_console/templates/console.js.erb within layouts/javascript (64.7ms)
  Rendered /usr/local/lib/ruby/gems/2.2.0/gems/web-console-2.2.1/lib/web_console/templates/main.js.erb within layouts/javascript (0.6ms)
  Rendered /usr/local/lib/ruby/gems/2.2.0/gems/web-console-2.2.1/lib/web_console/templates/error_page.js.erb within layouts/javascript (0.9ms)
  Rendered /usr/local/lib/ruby/gems/2.2.0/gems/web-console-2.2.1/lib/web_console/templates/index.html.erb (164.3ms)


Started GET "/profiles/testuser" for ::1 at 2015-08-07 12:24:24 -0400
Processing by ProfilesController#index as HTML
  Parameters: {"username"=>"testuser"}
  [1m[36mUser Load (0.4ms)[0m  [1mSELECT  "users".* FROM "users" WHERE (username = 'testuser') LIMIT 1[0m
  Rendered profiles/index.html.erb within layouts/application (14.1ms)
Completed 200 OK in 2315ms (Views: 2310.2ms | ActiveRecord: 0.4ms)


Started GET "/assets/application.self-c11868f0f625de75d4eca9ad7089f44264c4682125e81dab1568ae36c5520cea.css?body=1" for ::1 at 2015-08-07 12:24:26 -0400


Started GET "/assets/jquery.self-d03a5518f45df77341bdbe6201ba3bfa547ebba8ed64f0ea56bfa5f96ea7c074.js?body=1" for ::1 at 2015-08-07 12:24:26 -0400


Started GET "/assets/jquery_ujs.self-ca5248a2fad13d6bd58ea121318d642f195f0b2dd818b30615f785ff365e8d1f.js?body=1" for ::1 at 2015-08-07 12:24:26 -0400


Started GET "/assets/profiles.self-877aef30ae1b040ab8a3aba4e3e309a11d7f2612f44dde450b5c157aa5f95c05.js?body=1" for ::1 at 2015-08-07 12:24:26 -0400


Started GET "/assets/turbolinks.self-c37727e9bd6b2735da5c311aa83fead54ed0be6cc8bd9a65309e9c5abe2cbfff.js?body=1" for ::1 at 2015-08-07 12:24:26 -0400


Started GET "/assets/posts.self-877aef30ae1b040ab8a3aba4e3e309a11d7f2612f44dde450b5c157aa5f95c05.js?body=1" for ::1 at 2015-08-07 12:24:26 -0400


Started GET "/assets/application.self-3b8dabdc891efe46b9a144b400ad69e37d7e5876bdc39dee783419a69d7ca819.js?body=1" for ::1 at 2015-08-07 12:24:26 -0400


Started GET "/assets/after_signup.self-877aef30ae1b040ab8a3aba4e3e309a11d7f2612f44dde450b5c157aa5f95c05.js?body=1" for ::1 at 2015-08-07 12:24:26 -0400


Started GET "/assets/static_pages.self-877aef30ae1b040ab8a3aba4e3e309a11d7f2612f44dde450b5c157aa5f95c05.js?body=1" for ::1 at 2015-08-07 12:24:26 -0400


Started GET "/profiles/testuser" for ::1 at 2015-08-07 12:24:47 -0400
Processing by ProfilesController#index as HTML
  Parameters: {"username"=>"testuser"}
  [1m[35mUser Load (0.4ms)[0m  SELECT  "users".* FROM "users" WHERE (username = 'testuser') LIMIT 1
  Rendered profiles/index.html.erb within layouts/application (1.3ms)
Completed 200 OK in 68ms (Views: 64.0ms | ActiveRecord: 0.4ms)


Started GET "/assets/jquery.self-d03a5518f45df77341bdbe6201ba3bfa547ebba8ed64f0ea56bfa5f96ea7c074.js?body=1" for ::1 at 2015-08-07 12:24:47 -0400


Started GET "/assets/jquery_ujs.self-ca5248a2fad13d6bd58ea121318d642f195f0b2dd818b30615f785ff365e8d1f.js?body=1" for ::1 at 2015-08-07 12:24:47 -0400


Started GET "/assets/turbolinks.self-c37727e9bd6b2735da5c311aa83fead54ed0be6cc8bd9a65309e9c5abe2cbfff.js?body=1" for ::1 at 2015-08-07 12:24:47 -0400


Started GET "/assets/posts.self-877aef30ae1b040ab8a3aba4e3e309a11d7f2612f44dde450b5c157aa5f95c05.js?body=1" for ::1 at 2015-08-07 12:24:47 -0400


Started GET "/assets/profiles.self-877aef30ae1b040ab8a3aba4e3e309a11d7f2612f44dde450b5c157aa5f95c05.js?body=1" for ::1 at 2015-08-07 12:24:47 -0400


Started GET "/assets/after_signup.self-877aef30ae1b040ab8a3aba4e3e309a11d7f2612f44dde450b5c157aa5f95c05.js?body=1" for ::1 at 2015-08-07 12:24:47 -0400


Started GET "/assets/application.self-c11868f0f625de75d4eca9ad7089f44264c4682125e81dab1568ae36c5520cea.css?body=1" for ::1 at 2015-08-07 12:24:47 -0400


Started GET "/assets/static_pages.self-877aef30ae1b040ab8a3aba4e3e309a11d7f2612f44dde450b5c157aa5f95c05.js?body=1" for ::1 at 2015-08-07 12:24:47 -0400


Started GET "/assets/application.self-3b8dabdc891efe46b9a144b400ad69e37d7e5876bdc39dee783419a69d7ca819.js?body=1" for ::1 at 2015-08-07 12:24:47 -0400


Started GET "/profiles/testuser" for ::1 at 2015-08-07 12:28:48 -0400
Processing by ProfilesController#index as HTML
  Parameters: {"username"=>"testuser"}
  [1m[36mUser Load (0.2ms)[0m  [1mSELECT  "users".* FROM "users" WHERE (username = 'testuser') LIMIT 1[0m
  Rendered profiles/index.html.erb within layouts/application (1.4ms)
Completed 200 OK in 130ms (Views: 128.0ms | ActiveRecord: 0.2ms)


Started GET "/assets/application.self-c11868f0f625de75d4eca9ad7089f44264c4682125e81dab1568ae36c5520cea.css?body=1" for ::1 at 2015-08-07 12:28:48 -0400


Started GET "/assets/jquery.self-d03a5518f45df77341bdbe6201ba3bfa547ebba8ed64f0ea56bfa5f96ea7c074.js?body=1" for ::1 at 2015-08-07 12:28:48 -0400


Started GET "/assets/jquery_ujs.self-ca5248a2fad13d6bd58ea121318d642f195f0b2dd818b30615f785ff365e8d1f.js?body=1" for ::1 at 2015-08-07 12:28:48 -0400


Started GET "/assets/posts.self-877aef30ae1b040ab8a3aba4e3e309a11d7f2612f44dde450b5c157aa5f95c05.js?body=1" for ::1 at 2015-08-07 12:28:48 -0400


Started GET "/assets/profiles.self-877aef30ae1b040ab8a3aba4e3e309a11d7f2612f44dde450b5c157aa5f95c05.js?body=1" for ::1 at 2015-08-07 12:28:48 -0400


Started GET "/assets/after_signup.self-877aef30ae1b040ab8a3aba4e3e309a11d7f2612f44dde450b5c157aa5f95c05.js?body=1" for ::1 at 2015-08-07 12:28:48 -0400


Started GET "/assets/turbolinks.self-c37727e9bd6b2735da5c311aa83fead54ed0be6cc8bd9a65309e9c5abe2cbfff.js?body=1" for ::1 at 2015-08-07 12:28:48 -0400


Started GET "/assets/static_pages.self-877aef30ae1b040ab8a3aba4e3e309a11d7f2612f44dde450b5c157aa5f95c05.js?body=1" for ::1 at 2015-08-07 12:28:48 -0400


Started GET "/assets/application.self-3b8dabdc891efe46b9a144b400ad69e37d7e5876bdc39dee783419a69d7ca819.js?body=1" for ::1 at 2015-08-07 12:28:48 -0400


Started GET "/assets/bootstrap.css.map" for ::1 at 2015-08-07 12:29:22 -0400


Started GET "/profiles/testuser" for ::1 at 2015-08-07 12:29:46 -0400
Processing by ProfilesController#index as HTML
  Parameters: {"username"=>"testuser"}
  [1m[35mUser Load (0.2ms)[0m  SELECT  "users".* FROM "users" WHERE (username = 'testuser') LIMIT 1
  Rendered profiles/index.html.erb within layouts/application (0.5ms)
Completed 200 OK in 98ms (Views: 96.3ms | ActiveRecord: 0.2ms)


Started GET "/assets/application.self-c11868f0f625de75d4eca9ad7089f44264c4682125e81dab1568ae36c5520cea.css?body=1" for ::1 at 2015-08-07 12:29:46 -0400


Started GET "/assets/turbolinks.self-c37727e9bd6b2735da5c311aa83fead54ed0be6cc8bd9a65309e9c5abe2cbfff.js?body=1" for ::1 at 2015-08-07 12:29:46 -0400


Started GET "/assets/jquery.self-d03a5518f45df77341bdbe6201ba3bfa547ebba8ed64f0ea56bfa5f96ea7c074.js?body=1" for ::1 at 2015-08-07 12:29:46 -0400


Started GET "/assets/jquery_ujs.self-ca5248a2fad13d6bd58ea121318d642f195f0b2dd818b30615f785ff365e8d1f.js?body=1" for ::1 at 2015-08-07 12:29:46 -0400


Started GET "/assets/after_signup.self-877aef30ae1b040ab8a3aba4e3e309a11d7f2612f44dde450b5c157aa5f95c05.js?body=1" for ::1 at 2015-08-07 12:29:46 -0400


Started GET "/assets/static_pages.self-877aef30ae1b040ab8a3aba4e3e309a11d7f2612f44dde450b5c157aa5f95c05.js?body=1" for ::1 at 2015-08-07 12:29:46 -0400


Started GET "/assets/profiles.self-877aef30ae1b040ab8a3aba4e3e309a11d7f2612f44dde450b5c157aa5f95c05.js?body=1" for ::1 at 2015-08-07 12:29:46 -0400


Started GET "/assets/posts.self-877aef30ae1b040ab8a3aba4e3e309a11d7f2612f44dde450b5c157aa5f95c05.js?body=1" for ::1 at 2015-08-07 12:29:46 -0400


Started GET "/assets/application.self-3b8dabdc891efe46b9a144b400ad69e37d7e5876bdc39dee783419a69d7ca819.js?body=1" for ::1 at 2015-08-07 12:29:46 -0400


Started GET "/assets/bootstrap.css.map" for ::1 at 2015-08-07 12:29:51 -0400


Started GET "/profiles/testuser" for ::1 at 2015-08-07 12:30:11 -0400
Processing by ProfilesController#index as HTML
  Parameters: {"username"=>"testuser"}
  [1m[36mUser Load (0.7ms)[0m  [1mSELECT  "users".* FROM "users" WHERE (username = 'testuser') LIMIT 1[0m
  Rendered profiles/index.html.erb within layouts/application (2.3ms)
Completed 200 OK in 1642ms (Views: 1632.7ms | ActiveRecord: 0.7ms)


Started GET "/assets/application.self-92d9f9d33e3dc91b02b52f4118f4a15986efadb437eec9d3cb2d801b8150a5ef.css?body=1" for ::1 at 2015-08-07 12:30:12 -0400


Started GET "/assets/jquery.self-d03a5518f45df77341bdbe6201ba3bfa547ebba8ed64f0ea56bfa5f96ea7c074.js?body=1" for ::1 at 2015-08-07 12:30:12 -0400


Started GET "/assets/after_signup.self-877aef30ae1b040ab8a3aba4e3e309a11d7f2612f44dde450b5c157aa5f95c05.js?body=1" for ::1 at 2015-08-07 12:30:12 -0400


Started GET "/assets/jquery_ujs.self-ca5248a2fad13d6bd58ea121318d642f195f0b2dd818b30615f785ff365e8d1f.js?body=1" for ::1 at 2015-08-07 12:30:12 -0400


Started GET "/assets/turbolinks.self-c37727e9bd6b2735da5c311aa83fead54ed0be6cc8bd9a65309e9c5abe2cbfff.js?body=1" for ::1 at 2015-08-07 12:30:13 -0400


Started GET "/assets/profiles.self-877aef30ae1b040ab8a3aba4e3e309a11d7f2612f44dde450b5c157aa5f95c05.js?body=1" for ::1 at 2015-08-07 12:30:13 -0400


Started GET "/assets/static_pages.self-877aef30ae1b040ab8a3aba4e3e309a11d7f2612f44dde450b5c157aa5f95c05.js?body=1" for ::1 at 2015-08-07 12:30:13 -0400


Started GET "/assets/posts.self-877aef30ae1b040ab8a3aba4e3e309a11d7f2612f44dde450b5c157aa5f95c05.js?body=1" for ::1 at 2015-08-07 12:30:13 -0400


Started GET "/assets/application.self-3b8dabdc891efe46b9a144b400ad69e37d7e5876bdc39dee783419a69d7ca819.js?body=1" for ::1 at 2015-08-07 12:30:13 -0400


Started GET "/assets/bootstrap.css.map" for ::1 at 2015-08-07 12:30:13 -0400


Started GET "/profiles/testuser" for ::1 at 2015-08-07 12:30:39 -0400
Processing by ProfilesController#index as HTML
  Parameters: {"username"=>"testuser"}
  [1m[35mUser Load (0.2ms)[0m  SELECT  "users".* FROM "users" WHERE (username = 'testuser') LIMIT 1
  Rendered profiles/index.html.erb within layouts/application (1.1ms)
Completed 200 OK in 55ms (Views: 53.2ms | ActiveRecord: 0.2ms)


Started GET "/assets/application.self-92d9f9d33e3dc91b02b52f4118f4a15986efadb437eec9d3cb2d801b8150a5ef.css?body=1" for ::1 at 2015-08-07 12:30:39 -0400


Started GET "/assets/jquery_ujs.self-ca5248a2fad13d6bd58ea121318d642f195f0b2dd818b30615f785ff365e8d1f.js?body=1" for ::1 at 2015-08-07 12:30:39 -0400


Started GET "/assets/profiles.self-877aef30ae1b040ab8a3aba4e3e309a11d7f2612f44dde450b5c157aa5f95c05.js?body=1" for ::1 at 2015-08-07 12:30:39 -0400


Started GET "/assets/jquery.self-d03a5518f45df77341bdbe6201ba3bfa547ebba8ed64f0ea56bfa5f96ea7c074.js?body=1" for ::1 at 2015-08-07 12:30:39 -0400


Started GET "/assets/after_signup.self-877aef30ae1b040ab8a3aba4e3e309a11d7f2612f44dde450b5c157aa5f95c05.js?body=1" for ::1 at 2015-08-07 12:30:39 -0400


Started GET "/assets/posts.self-877aef30ae1b040ab8a3aba4e3e309a11d7f2612f44dde450b5c157aa5f95c05.js?body=1" for ::1 at 2015-08-07 12:30:39 -0400


Started GET "/assets/turbolinks.self-c37727e9bd6b2735da5c311aa83fead54ed0be6cc8bd9a65309e9c5abe2cbfff.js?body=1" for ::1 at 2015-08-07 12:30:39 -0400


Started GET "/assets/static_pages.self-877aef30ae1b040ab8a3aba4e3e309a11d7f2612f44dde450b5c157aa5f95c05.js?body=1" for ::1 at 2015-08-07 12:30:39 -0400


Started GET "/assets/application.self-3b8dabdc891efe46b9a144b400ad69e37d7e5876bdc39dee783419a69d7ca819.js?body=1" for ::1 at 2015-08-07 12:30:39 -0400


Started GET "/profiles/testuser" for ::1 at 2015-08-07 12:30:47 -0400
Processing by ProfilesController#index as HTML
  Parameters: {"username"=>"testuser"}
  [1m[36mUser Load (0.4ms)[0m  [1mSELECT  "users".* FROM "users" WHERE (username = 'testuser') LIMIT 1[0m
  Rendered profiles/index.html.erb within layouts/application (0.5ms)
Completed 200 OK in 63ms (Views: 61.0ms | ActiveRecord: 0.4ms)


Started GET "/assets/application.self-92d9f9d33e3dc91b02b52f4118f4a15986efadb437eec9d3cb2d801b8150a5ef.css?body=1" for ::1 at 2015-08-07 12:30:48 -0400


Started GET "/assets/turbolinks.self-c37727e9bd6b2735da5c311aa83fead54ed0be6cc8bd9a65309e9c5abe2cbfff.js?body=1" for ::1 at 2015-08-07 12:30:48 -0400


Started GET "/assets/after_signup.self-877aef30ae1b040ab8a3aba4e3e309a11d7f2612f44dde450b5c157aa5f95c05.js?body=1" for ::1 at 2015-08-07 12:30:48 -0400


Started GET "/assets/jquery_ujs.self-ca5248a2fad13d6bd58ea121318d642f195f0b2dd818b30615f785ff365e8d1f.js?body=1" for ::1 at 2015-08-07 12:30:48 -0400


Started GET "/assets/jquery.self-d03a5518f45df77341bdbe6201ba3bfa547ebba8ed64f0ea56bfa5f96ea7c074.js?body=1" for ::1 at 2015-08-07 12:30:48 -0400


Started GET "/assets/posts.self-877aef30ae1b040ab8a3aba4e3e309a11d7f2612f44dde450b5c157aa5f95c05.js?body=1" for ::1 at 2015-08-07 12:30:48 -0400


Started GET "/assets/profiles.self-877aef30ae1b040ab8a3aba4e3e309a11d7f2612f44dde450b5c157aa5f95c05.js?body=1" for ::1 at 2015-08-07 12:30:48 -0400


Started GET "/assets/static_pages.self-877aef30ae1b040ab8a3aba4e3e309a11d7f2612f44dde450b5c157aa5f95c05.js?body=1" for ::1 at 2015-08-07 12:30:48 -0400


Started GET "/assets/application.self-3b8dabdc891efe46b9a144b400ad69e37d7e5876bdc39dee783419a69d7ca819.js?body=1" for ::1 at 2015-08-07 12:30:48 -0400


Started GET "/profiles/testuser" for ::1 at 2015-08-07 12:30:55 -0400
Processing by ProfilesController#index as HTML
  Parameters: {"username"=>"testuser"}
  [1m[35mUser Load (0.4ms)[0m  SELECT  "users".* FROM "users" WHERE (username = 'testuser') LIMIT 1
  Rendered profiles/index.html.erb within layouts/application (1.5ms)
Completed 200 OK in 63ms (Views: 60.5ms | ActiveRecord: 0.4ms)


Started GET "/assets/application.self-92d9f9d33e3dc91b02b52f4118f4a15986efadb437eec9d3cb2d801b8150a5ef.css?body=1" for ::1 at 2015-08-07 12:30:55 -0400


Started GET "/assets/jquery.self-d03a5518f45df77341bdbe6201ba3bfa547ebba8ed64f0ea56bfa5f96ea7c074.js?body=1" for ::1 at 2015-08-07 12:30:55 -0400


Started GET "/assets/turbolinks.self-c37727e9bd6b2735da5c311aa83fead54ed0be6cc8bd9a65309e9c5abe2cbfff.js?body=1" for ::1 at 2015-08-07 12:30:55 -0400


Started GET "/assets/after_signup.self-877aef30ae1b040ab8a3aba4e3e309a11d7f2612f44dde450b5c157aa5f95c05.js?body=1" for ::1 at 2015-08-07 12:30:55 -0400


Started GET "/assets/jquery_ujs.self-ca5248a2fad13d6bd58ea121318d642f195f0b2dd818b30615f785ff365e8d1f.js?body=1" for ::1 at 2015-08-07 12:30:55 -0400


Started GET "/assets/posts.self-877aef30ae1b040ab8a3aba4e3e309a11d7f2612f44dde450b5c157aa5f95c05.js?body=1" for ::1 at 2015-08-07 12:30:55 -0400


Started GET "/assets/static_pages.self-877aef30ae1b040ab8a3aba4e3e309a11d7f2612f44dde450b5c157aa5f95c05.js?body=1" for ::1 at 2015-08-07 12:30:55 -0400


Started GET "/assets/application.self-3b8dabdc891efe46b9a144b400ad69e37d7e5876bdc39dee783419a69d7ca819.js?body=1" for ::1 at 2015-08-07 12:30:55 -0400


Started GET "/assets/profiles.self-877aef30ae1b040ab8a3aba4e3e309a11d7f2612f44dde450b5c157aa5f95c05.js?body=1" for ::1 at 2015-08-07 12:30:56 -0400


Started GET "/profiles/testuser" for ::1 at 2015-08-07 12:31:09 -0400
Processing by ProfilesController#index as HTML
  Parameters: {"username"=>"testuser"}
  [1m[36mUser Load (0.2ms)[0m  [1mSELECT  "users".* FROM "users" WHERE (username = 'testuser') LIMIT 1[0m
  Rendered profiles/index.html.erb within layouts/application (1.0ms)
Completed 200 OK in 69ms (Views: 66.7ms | ActiveRecord: 0.2ms)


Started GET "/assets/application.self-92d9f9d33e3dc91b02b52f4118f4a15986efadb437eec9d3cb2d801b8150a5ef.css?body=1" for ::1 at 2015-08-07 12:31:10 -0400


Started GET "/assets/jquery.self-d03a5518f45df77341bdbe6201ba3bfa547ebba8ed64f0ea56bfa5f96ea7c074.js?body=1" for ::1 at 2015-08-07 12:31:10 -0400


Started GET "/assets/posts.self-877aef30ae1b040ab8a3aba4e3e309a11d7f2612f44dde450b5c157aa5f95c05.js?body=1" for ::1 at 2015-08-07 12:31:10 -0400


Started GET "/assets/turbolinks.self-c37727e9bd6b2735da5c311aa83fead54ed0be6cc8bd9a65309e9c5abe2cbfff.js?body=1" for ::1 at 2015-08-07 12:31:10 -0400


Started GET "/assets/profiles.self-877aef30ae1b040ab8a3aba4e3e309a11d7f2612f44dde450b5c157aa5f95c05.js?body=1" for ::1 at 2015-08-07 12:31:10 -0400


Started GET "/assets/jquery_ujs.self-ca5248a2fad13d6bd58ea121318d642f195f0b2dd818b30615f785ff365e8d1f.js?body=1" for ::1 at 2015-08-07 12:31:10 -0400


Started GET "/assets/after_signup.self-877aef30ae1b040ab8a3aba4e3e309a11d7f2612f44dde450b5c157aa5f95c05.js?body=1" for ::1 at 2015-08-07 12:31:10 -0400


Started GET "/assets/static_pages.self-877aef30ae1b040ab8a3aba4e3e309a11d7f2612f44dde450b5c157aa5f95c05.js?body=1" for ::1 at 2015-08-07 12:31:10 -0400


Started GET "/assets/application.self-3b8dabdc891efe46b9a144b400ad69e37d7e5876bdc39dee783419a69d7ca819.js?body=1" for ::1 at 2015-08-07 12:31:10 -0400


Started GET "/profiles/testuser" for ::1 at 2015-08-07 12:31:16 -0400
Processing by ProfilesController#index as HTML
  Parameters: {"username"=>"testuser"}
  [1m[35mUser Load (0.2ms)[0m  SELECT  "users".* FROM "users" WHERE (username = 'testuser') LIMIT 1
  Rendered profiles/index.html.erb within layouts/application (1.6ms)
Completed 200 OK in 61ms (Views: 58.5ms | ActiveRecord: 0.2ms)


Started GET "/assets/application.self-92d9f9d33e3dc91b02b52f4118f4a15986efadb437eec9d3cb2d801b8150a5ef.css?body=1" for ::1 at 2015-08-07 12:31:17 -0400


Started GET "/assets/turbolinks.self-c37727e9bd6b2735da5c311aa83fead54ed0be6cc8bd9a65309e9c5abe2cbfff.js?body=1" for ::1 at 2015-08-07 12:31:17 -0400


Started GET "/assets/posts.self-877aef30ae1b040ab8a3aba4e3e309a11d7f2612f44dde450b5c157aa5f95c05.js?body=1" for ::1 at 2015-08-07 12:31:17 -0400


Started GET "/assets/after_signup.self-877aef30ae1b040ab8a3aba4e3e309a11d7f2612f44dde450b5c157aa5f95c05.js?body=1" for ::1 at 2015-08-07 12:31:17 -0400


Started GET "/assets/jquery.self-d03a5518f45df77341bdbe6201ba3bfa547ebba8ed64f0ea56bfa5f96ea7c074.js?body=1" for ::1 at 2015-08-07 12:31:17 -0400


Started GET "/assets/profiles.self-877aef30ae1b040ab8a3aba4e3e309a11d7f2612f44dde450b5c157aa5f95c05.js?body=1" for ::1 at 2015-08-07 12:31:17 -0400


Started GET "/assets/jquery_ujs.self-ca5248a2fad13d6bd58ea121318d642f195f0b2dd818b30615f785ff365e8d1f.js?body=1" for ::1 at 2015-08-07 12:31:17 -0400


Started GET "/assets/application.self-3b8dabdc891efe46b9a144b400ad69e37d7e5876bdc39dee783419a69d7ca819.js?body=1" for ::1 at 2015-08-07 12:31:17 -0400


Started GET "/assets/static_pages.self-877aef30ae1b040ab8a3aba4e3e309a11d7f2612f44dde450b5c157aa5f95c05.js?body=1" for ::1 at 2015-08-07 12:31:17 -0400


Started GET "/profiles/testuser" for ::1 at 2015-08-07 12:31:35 -0400
Processing by ProfilesController#index as HTML
  Parameters: {"username"=>"testuser"}
  [1m[36mUser Load (0.4ms)[0m  [1mSELECT  "users".* FROM "users" WHERE (username = 'testuser') LIMIT 1[0m
  Rendered profiles/index.html.erb within layouts/application (1.1ms)
Completed 200 OK in 54ms (Views: 51.4ms | ActiveRecord: 0.4ms)


Started GET "/assets/jquery.self-d03a5518f45df77341bdbe6201ba3bfa547ebba8ed64f0ea56bfa5f96ea7c074.js?body=1" for ::1 at 2015-08-07 12:31:35 -0400


Started GET "/assets/jquery_ujs.self-ca5248a2fad13d6bd58ea121318d642f195f0b2dd818b30615f785ff365e8d1f.js?body=1" for ::1 at 2015-08-07 12:31:35 -0400


Started GET "/assets/application.self-92d9f9d33e3dc91b02b52f4118f4a15986efadb437eec9d3cb2d801b8150a5ef.css?body=1" for ::1 at 2015-08-07 12:31:36 -0400


Started GET "/assets/profiles.self-877aef30ae1b040ab8a3aba4e3e309a11d7f2612f44dde450b5c157aa5f95c05.js?body=1" for ::1 at 2015-08-07 12:31:36 -0400


Started GET "/assets/turbolinks.self-c37727e9bd6b2735da5c311aa83fead54ed0be6cc8bd9a65309e9c5abe2cbfff.js?body=1" for ::1 at 2015-08-07 12:31:36 -0400


Started GET "/assets/posts.self-877aef30ae1b040ab8a3aba4e3e309a11d7f2612f44dde450b5c157aa5f95c05.js?body=1" for ::1 at 2015-08-07 12:31:36 -0400


Started GET "/assets/static_pages.self-877aef30ae1b040ab8a3aba4e3e309a11d7f2612f44dde450b5c157aa5f95c05.js?body=1" for ::1 at 2015-08-07 12:31:36 -0400


Started GET "/assets/after_signup.self-877aef30ae1b040ab8a3aba4e3e309a11d7f2612f44dde450b5c157aa5f95c05.js?body=1" for ::1 at 2015-08-07 12:31:36 -0400


Started GET "/assets/application.self-3b8dabdc891efe46b9a144b400ad69e37d7e5876bdc39dee783419a69d7ca819.js?body=1" for ::1 at 2015-08-07 12:31:36 -0400


Started GET "/profiles/testuser" for ::1 at 2015-08-07 12:32:02 -0400
Processing by ProfilesController#index as HTML
  Parameters: {"username"=>"testuser"}
  [1m[35mUser Load (0.2ms)[0m  SELECT  "users".* FROM "users" WHERE (username = 'testuser') LIMIT 1
  Rendered profiles/index.html.erb within layouts/application (1.3ms)
Completed 200 OK in 104ms (Views: 102.7ms | ActiveRecord: 0.2ms)


Started GET "/assets/application.self-92d9f9d33e3dc91b02b52f4118f4a15986efadb437eec9d3cb2d801b8150a5ef.css?body=1" for ::1 at 2015-08-07 12:32:02 -0400


Started GET "/assets/jquery_ujs.self-ca5248a2fad13d6bd58ea121318d642f195f0b2dd818b30615f785ff365e8d1f.js?body=1" for ::1 at 2015-08-07 12:32:02 -0400


Started GET "/assets/jquery.self-d03a5518f45df77341bdbe6201ba3bfa547ebba8ed64f0ea56bfa5f96ea7c074.js?body=1" for ::1 at 2015-08-07 12:32:02 -0400


Started GET "/assets/profiles.self-877aef30ae1b040ab8a3aba4e3e309a11d7f2612f44dde450b5c157aa5f95c05.js?body=1" for ::1 at 2015-08-07 12:32:02 -0400


Started GET "/assets/static_pages.self-877aef30ae1b040ab8a3aba4e3e309a11d7f2612f44dde450b5c157aa5f95c05.js?body=1" for ::1 at 2015-08-07 12:32:03 -0400


Started GET "/assets/after_signup.self-877aef30ae1b040ab8a3aba4e3e309a11d7f2612f44dde450b5c157aa5f95c05.js?body=1" for ::1 at 2015-08-07 12:32:03 -0400


Started GET "/assets/posts.self-877aef30ae1b040ab8a3aba4e3e309a11d7f2612f44dde450b5c157aa5f95c05.js?body=1" for ::1 at 2015-08-07 12:32:03 -0400


Started GET "/assets/turbolinks.self-c37727e9bd6b2735da5c311aa83fead54ed0be6cc8bd9a65309e9c5abe2cbfff.js?body=1" for ::1 at 2015-08-07 12:32:03 -0400


Started GET "/assets/application.self-3b8dabdc891efe46b9a144b400ad69e37d7e5876bdc39dee783419a69d7ca819.js?body=1" for ::1 at 2015-08-07 12:32:03 -0400


Started GET "/assets/bootstrap.css.map" for ::1 at 2015-08-07 12:32:10 -0400


Started GET "/profiles/testuser" for ::1 at 2015-08-07 12:32:31 -0400
Processing by ProfilesController#index as HTML
  Parameters: {"username"=>"testuser"}
  [1m[36mUser Load (0.7ms)[0m  [1mSELECT  "users".* FROM "users" WHERE (username = 'testuser') LIMIT 1[0m
  Rendered profiles/index.html.erb within layouts/application (2.2ms)
Completed 200 OK in 125ms (Views: 121.0ms | ActiveRecord: 0.7ms)


Started GET "/assets/jquery.self-d03a5518f45df77341bdbe6201ba3bfa547ebba8ed64f0ea56bfa5f96ea7c074.js?body=1" for ::1 at 2015-08-07 12:32:31 -0400


Started GET "/assets/jquery_ujs.self-ca5248a2fad13d6bd58ea121318d642f195f0b2dd818b30615f785ff365e8d1f.js?body=1" for ::1 at 2015-08-07 12:32:31 -0400


Started GET "/assets/posts.self-877aef30ae1b040ab8a3aba4e3e309a11d7f2612f44dde450b5c157aa5f95c05.js?body=1" for ::1 at 2015-08-07 12:32:31 -0400


Started GET "/assets/profiles.self-877aef30ae1b040ab8a3aba4e3e309a11d7f2612f44dde450b5c157aa5f95c05.js?body=1" for ::1 at 2015-08-07 12:32:31 -0400


Started GET "/assets/after_signup.self-877aef30ae1b040ab8a3aba4e3e309a11d7f2612f44dde450b5c157aa5f95c05.js?body=1" for ::1 at 2015-08-07 12:32:31 -0400


Started GET "/assets/application.self-92d9f9d33e3dc91b02b52f4118f4a15986efadb437eec9d3cb2d801b8150a5ef.css?body=1" for ::1 at 2015-08-07 12:32:31 -0400


Started GET "/assets/turbolinks.self-c37727e9bd6b2735da5c311aa83fead54ed0be6cc8bd9a65309e9c5abe2cbfff.js?body=1" for ::1 at 2015-08-07 12:32:31 -0400


Started GET "/assets/static_pages.self-877aef30ae1b040ab8a3aba4e3e309a11d7f2612f44dde450b5c157aa5f95c05.js?body=1" for ::1 at 2015-08-07 12:32:31 -0400


Started GET "/assets/application.self-3b8dabdc891efe46b9a144b400ad69e37d7e5876bdc39dee783419a69d7ca819.js?body=1" for ::1 at 2015-08-07 12:32:31 -0400


Started GET "/assets/bootstrap.css.map" for ::1 at 2015-08-07 12:32:31 -0400


Started GET "/profiles/testuser" for ::1 at 2015-08-07 12:44:17 -0400
Processing by ProfilesController#index as HTML
  Parameters: {"username"=>"testuser"}
  [1m[35mUser Load (1.7ms)[0m  SELECT  "users".* FROM "users" WHERE (username = 'testuser') LIMIT 1
  Rendered profiles/index.html.erb within layouts/application (10.6ms)
Completed 200 OK in 232ms (Views: 209.7ms | ActiveRecord: 1.7ms)


Started GET "/assets/jquery.self-d03a5518f45df77341bdbe6201ba3bfa547ebba8ed64f0ea56bfa5f96ea7c074.js?body=1" for ::1 at 2015-08-07 12:44:18 -0400


Started GET "/assets/application.self-92d9f9d33e3dc91b02b52f4118f4a15986efadb437eec9d3cb2d801b8150a5ef.css?body=1" for ::1 at 2015-08-07 12:44:18 -0400


Started GET "/assets/jquery_ujs.self-ca5248a2fad13d6bd58ea121318d642f195f0b2dd818b30615f785ff365e8d1f.js?body=1" for ::1 at 2015-08-07 12:44:18 -0400


Started GET "/assets/profiles.self-877aef30ae1b040ab8a3aba4e3e309a11d7f2612f44dde450b5c157aa5f95c05.js?body=1" for ::1 at 2015-08-07 12:44:18 -0400


Started GET "/assets/after_signup.self-877aef30ae1b040ab8a3aba4e3e309a11d7f2612f44dde450b5c157aa5f95c05.js?body=1" for ::1 at 2015-08-07 12:44:18 -0400


Started GET "/assets/turbolinks.self-c37727e9bd6b2735da5c311aa83fead54ed0be6cc8bd9a65309e9c5abe2cbfff.js?body=1" for ::1 at 2015-08-07 12:44:18 -0400


Started GET "/assets/posts.self-877aef30ae1b040ab8a3aba4e3e309a11d7f2612f44dde450b5c157aa5f95c05.js?body=1" for ::1 at 2015-08-07 12:44:18 -0400


Started GET "/assets/application.self-3b8dabdc891efe46b9a144b400ad69e37d7e5876bdc39dee783419a69d7ca819.js?body=1" for ::1 at 2015-08-07 12:44:18 -0400


Started GET "/assets/static_pages.self-877aef30ae1b040ab8a3aba4e3e309a11d7f2612f44dde450b5c157aa5f95c05.js?body=1" for ::1 at 2015-08-07 12:44:18 -0400


Started GET "/profiles/testuser" for ::1 at 2015-08-07 12:44:57 -0400
Processing by ProfilesController#index as HTML
  Parameters: {"username"=>"testuser"}
  [1m[36mUser Load (0.3ms)[0m  [1mSELECT  "users".* FROM "users" WHERE (username = 'testuser') LIMIT 1[0m
  Rendered profiles/index.html.erb within layouts/application (1.3ms)
Completed 200 OK in 77ms (Views: 74.3ms | ActiveRecord: 0.3ms)


Started GET "/assets/jquery.self-d03a5518f45df77341bdbe6201ba3bfa547ebba8ed64f0ea56bfa5f96ea7c074.js?body=1" for ::1 at 2015-08-07 12:44:57 -0400


Started GET "/assets/jquery_ujs.self-ca5248a2fad13d6bd58ea121318d642f195f0b2dd818b30615f785ff365e8d1f.js?body=1" for ::1 at 2015-08-07 12:44:57 -0400


Started GET "/assets/turbolinks.self-c37727e9bd6b2735da5c311aa83fead54ed0be6cc8bd9a65309e9c5abe2cbfff.js?body=1" for ::1 at 2015-08-07 12:44:57 -0400


Started GET "/assets/after_signup.self-877aef30ae1b040ab8a3aba4e3e309a11d7f2612f44dde450b5c157aa5f95c05.js?body=1" for ::1 at 2015-08-07 12:44:57 -0400


Started GET "/assets/static_pages.self-877aef30ae1b040ab8a3aba4e3e309a11d7f2612f44dde450b5c157aa5f95c05.js?body=1" for ::1 at 2015-08-07 12:44:57 -0400


Started GET "/assets/profiles.self-877aef30ae1b040ab8a3aba4e3e309a11d7f2612f44dde450b5c157aa5f95c05.js?body=1" for ::1 at 2015-08-07 12:44:57 -0400


Started GET "/assets/posts.self-877aef30ae1b040ab8a3aba4e3e309a11d7f2612f44dde450b5c157aa5f95c05.js?body=1" for ::1 at 2015-08-07 12:44:57 -0400


Started GET "/assets/application.self-92d9f9d33e3dc91b02b52f4118f4a15986efadb437eec9d3cb2d801b8150a5ef.css?body=1" for ::1 at 2015-08-07 12:44:57 -0400


Started GET "/assets/application.self-3b8dabdc891efe46b9a144b400ad69e37d7e5876bdc39dee783419a69d7ca819.js?body=1" for ::1 at 2015-08-07 12:44:57 -0400


Started GET "/profiles/testuser" for ::1 at 2015-08-07 12:45:28 -0400
Processing by ProfilesController#index as HTML
  Parameters: {"username"=>"testuser"}
  [1m[35mUser Load (0.3ms)[0m  SELECT  "users".* FROM "users" WHERE (username = 'testuser') LIMIT 1
  Rendered profiles/index.html.erb within layouts/application (0.9ms)
Completed 200 OK in 52ms (Views: 49.7ms | ActiveRecord: 0.3ms)


Started GET "/assets/application.self-92d9f9d33e3dc91b02b52f4118f4a15986efadb437eec9d3cb2d801b8150a5ef.css?body=1" for ::1 at 2015-08-07 12:45:28 -0400


Started GET "/assets/jquery.self-d03a5518f45df77341bdbe6201ba3bfa547ebba8ed64f0ea56bfa5f96ea7c074.js?body=1" for ::1 at 2015-08-07 12:45:28 -0400


Started GET "/assets/jquery_ujs.self-ca5248a2fad13d6bd58ea121318d642f195f0b2dd818b30615f785ff365e8d1f.js?body=1" for ::1 at 2015-08-07 12:45:28 -0400


Started GET "/assets/turbolinks.self-c37727e9bd6b2735da5c311aa83fead54ed0be6cc8bd9a65309e9c5abe2cbfff.js?body=1" for ::1 at 2015-08-07 12:45:28 -0400


Started GET "/assets/after_signup.self-877aef30ae1b040ab8a3aba4e3e309a11d7f2612f44dde450b5c157aa5f95c05.js?body=1" for ::1 at 2015-08-07 12:45:28 -0400


Started GET "/assets/posts.self-877aef30ae1b040ab8a3aba4e3e309a11d7f2612f44dde450b5c157aa5f95c05.js?body=1" for ::1 at 2015-08-07 12:45:28 -0400


Started GET "/assets/static_pages.self-877aef30ae1b040ab8a3aba4e3e309a11d7f2612f44dde450b5c157aa5f95c05.js?body=1" for ::1 at 2015-08-07 12:45:28 -0400


Started GET "/assets/application.self-3b8dabdc891efe46b9a144b400ad69e37d7e5876bdc39dee783419a69d7ca819.js?body=1" for ::1 at 2015-08-07 12:45:28 -0400


Started GET "/assets/profiles.self-877aef30ae1b040ab8a3aba4e3e309a11d7f2612f44dde450b5c157aa5f95c05.js?body=1" for ::1 at 2015-08-07 12:45:28 -0400


Started GET "/profiles/testuser" for ::1 at 2015-08-07 12:45:42 -0400
Processing by ProfilesController#index as HTML
  Parameters: {"username"=>"testuser"}
  [1m[36mUser Load (0.2ms)[0m  [1mSELECT  "users".* FROM "users" WHERE (username = 'testuser') LIMIT 1[0m
  Rendered profiles/index.html.erb within layouts/application (0.9ms)
Completed 200 OK in 55ms (Views: 53.5ms | ActiveRecord: 0.2ms)


Started GET "/assets/application.self-92d9f9d33e3dc91b02b52f4118f4a15986efadb437eec9d3cb2d801b8150a5ef.css?body=1" for ::1 at 2015-08-07 12:45:42 -0400


Started GET "/assets/jquery.self-d03a5518f45df77341bdbe6201ba3bfa547ebba8ed64f0ea56bfa5f96ea7c074.js?body=1" for ::1 at 2015-08-07 12:45:42 -0400


Started GET "/assets/jquery_ujs.self-ca5248a2fad13d6bd58ea121318d642f195f0b2dd818b30615f785ff365e8d1f.js?body=1" for ::1 at 2015-08-07 12:45:42 -0400


Started GET "/assets/after_signup.self-877aef30ae1b040ab8a3aba4e3e309a11d7f2612f44dde450b5c157aa5f95c05.js?body=1" for ::1 at 2015-08-07 12:45:42 -0400


Started GET "/assets/turbolinks.self-c37727e9bd6b2735da5c311aa83fead54ed0be6cc8bd9a65309e9c5abe2cbfff.js?body=1" for ::1 at 2015-08-07 12:45:42 -0400


Started GET "/assets/posts.self-877aef30ae1b040ab8a3aba4e3e309a11d7f2612f44dde450b5c157aa5f95c05.js?body=1" for ::1 at 2015-08-07 12:45:42 -0400


Started GET "/assets/profiles.self-877aef30ae1b040ab8a3aba4e3e309a11d7f2612f44dde450b5c157aa5f95c05.js?body=1" for ::1 at 2015-08-07 12:45:42 -0400


Started GET "/assets/static_pages.self-877aef30ae1b040ab8a3aba4e3e309a11d7f2612f44dde450b5c157aa5f95c05.js?body=1" for ::1 at 2015-08-07 12:45:42 -0400


Started GET "/assets/application.self-3b8dabdc891efe46b9a144b400ad69e37d7e5876bdc39dee783419a69d7ca819.js?body=1" for ::1 at 2015-08-07 12:45:42 -0400


Started GET "/profiles/testuser" for ::1 at 2015-08-07 12:45:51 -0400
Processing by ProfilesController#index as HTML
  Parameters: {"username"=>"testuser"}
  [1m[35mUser Load (0.2ms)[0m  SELECT  "users".* FROM "users" WHERE (username = 'testuser') LIMIT 1
  Rendered profiles/index.html.erb within layouts/application (1.1ms)
Completed 200 OK in 60ms (Views: 57.9ms | ActiveRecord: 0.2ms)


Started GET "/assets/jquery.self-d03a5518f45df77341bdbe6201ba3bfa547ebba8ed64f0ea56bfa5f96ea7c074.js?body=1" for ::1 at 2015-08-07 12:45:51 -0400


Started GET "/assets/jquery_ujs.self-ca5248a2fad13d6bd58ea121318d642f195f0b2dd818b30615f785ff365e8d1f.js?body=1" for ::1 at 2015-08-07 12:45:51 -0400


Started GET "/assets/posts.self-877aef30ae1b040ab8a3aba4e3e309a11d7f2612f44dde450b5c157aa5f95c05.js?body=1" for ::1 at 2015-08-07 12:45:51 -0400


Started GET "/assets/turbolinks.self-c37727e9bd6b2735da5c311aa83fead54ed0be6cc8bd9a65309e9c5abe2cbfff.js?body=1" for ::1 at 2015-08-07 12:45:51 -0400


Started GET "/assets/after_signup.self-877aef30ae1b040ab8a3aba4e3e309a11d7f2612f44dde450b5c157aa5f95c05.js?body=1" for ::1 at 2015-08-07 12:45:51 -0400


Started GET "/assets/application.self-92d9f9d33e3dc91b02b52f4118f4a15986efadb437eec9d3cb2d801b8150a5ef.css?body=1" for ::1 at 2015-08-07 12:45:51 -0400


Started GET "/assets/profiles.self-877aef30ae1b040ab8a3aba4e3e309a11d7f2612f44dde450b5c157aa5f95c05.js?body=1" for ::1 at 2015-08-07 12:45:51 -0400


Started GET "/assets/static_pages.self-877aef30ae1b040ab8a3aba4e3e309a11d7f2612f44dde450b5c157aa5f95c05.js?body=1" for ::1 at 2015-08-07 12:45:51 -0400


Started GET "/assets/application.self-3b8dabdc891efe46b9a144b400ad69e37d7e5876bdc39dee783419a69d7ca819.js?body=1" for ::1 at 2015-08-07 12:45:51 -0400
